<!DOCTYPE html>
<html>
  <head>
    <meta charset="utf-8"/>
    <title>Test Report</title>
    <link href="assets/style.css" rel="stylesheet" type="text/css"/></head>
  <body onLoad="init()">
    <script>/* This Source Code Form is subject to the terms of the Mozilla Public
 * License, v. 2.0. If a copy of the MPL was not distributed with this file,
 * You can obtain one at http://mozilla.org/MPL/2.0/. */


function toArray(iter) {
    if (iter === null) {
        return null;
    }
    return Array.prototype.slice.call(iter);
}

function find(selector, elem) {
    if (!elem) {
        elem = document;
    }
    return elem.querySelector(selector);
}

function find_all(selector, elem) {
    if (!elem) {
        elem = document;
    }
    return toArray(elem.querySelectorAll(selector));
}

function sort_column(elem) {
    toggle_sort_states(elem);
    var colIndex = toArray(elem.parentNode.childNodes).indexOf(elem);
    var key;
    if (elem.classList.contains('numeric')) {
        key = key_num;
    } else if (elem.classList.contains('result')) {
        key = key_result;
    } else {
        key = key_alpha;
    }
    sort_table(elem, key(colIndex));
}

function show_all_extras() {
    find_all('.col-result').forEach(show_extras);
}

function hide_all_extras() {
    find_all('.col-result').forEach(hide_extras);
}

function show_extras(colresult_elem) {
    var extras = colresult_elem.parentNode.nextElementSibling;
    var expandcollapse = colresult_elem.firstElementChild;
    extras.classList.remove("collapsed");
    expandcollapse.classList.remove("expander");
    expandcollapse.classList.add("collapser");
}

function hide_extras(colresult_elem) {
    var extras = colresult_elem.parentNode.nextElementSibling;
    var expandcollapse = colresult_elem.firstElementChild;
    extras.classList.add("collapsed");
    expandcollapse.classList.remove("collapser");
    expandcollapse.classList.add("expander");
}

function show_filters() {
    var filter_items = document.getElementsByClassName('filter');
    for (var i = 0; i < filter_items.length; i++)
        filter_items[i].hidden = false;
}

function add_collapse() {
    // Add links for show/hide all
    var resulttable = find('table#results-table');
    var showhideall = document.createElement("p");
    showhideall.innerHTML = '<a href="javascript:show_all_extras()">Show all details</a> / ' +
                            '<a href="javascript:hide_all_extras()">Hide all details</a>';
    resulttable.parentElement.insertBefore(showhideall, resulttable);

    // Add show/hide link to each result
    find_all('.col-result').forEach(function(elem) {
        var extras = elem.parentNode.nextElementSibling;
        var expandcollapse = document.createElement("span");
        if (elem.innerHTML === 'Passed') {
            extras.classList.add("collapsed");
            expandcollapse.classList.add("expander");
        } else {
            expandcollapse.classList.add("collapser");
        }
        elem.appendChild(expandcollapse);

        elem.addEventListener("click", function(event) {
            if (event.currentTarget.parentNode.nextElementSibling.classList.contains("collapsed")) {
                show_extras(event.currentTarget);
            } else {
                hide_extras(event.currentTarget);
            }
        });
    })
}

function init () {
    reset_sort_headers();

    add_collapse();

    show_filters();

    toggle_sort_states(find('.initial-sort'));

    find_all('.sortable').forEach(function(elem) {
        elem.addEventListener("click",
                              function(event) {
                                  sort_column(elem);
                              }, false)
    });

};

function sort_table(clicked, key_func) {
    var rows = find_all('.results-table-row');
    var reversed = !clicked.classList.contains('asc');
    var sorted_rows = sort(rows, key_func, reversed);
    /* Whole table is removed here because browsers acts much slower
     * when appending existing elements.
     */
    var thead = document.getElementById("results-table-head");
    document.getElementById('results-table').remove();
    var parent = document.createElement("table");
    parent.id = "results-table";
    parent.appendChild(thead);
    sorted_rows.forEach(function(elem) {
        parent.appendChild(elem);
    });
    document.getElementsByTagName("BODY")[0].appendChild(parent);
}

function sort(items, key_func, reversed) {
    var sort_array = items.map(function(item, i) {
        return [key_func(item), i];
    });
    var multiplier = reversed ? -1 : 1;

    sort_array.sort(function(a, b) {
        var key_a = a[0];
        var key_b = b[0];
        return multiplier * (key_a >= key_b ? 1 : -1);
    });

    return sort_array.map(function(item) {
        var index = item[1];
        return items[index];
    });
}

function key_alpha(col_index) {
    return function(elem) {
        return elem.childNodes[1].childNodes[col_index].firstChild.data.toLowerCase();
    };
}

function key_num(col_index) {
    return function(elem) {
        return parseFloat(elem.childNodes[1].childNodes[col_index].firstChild.data);
    };
}

function key_result(col_index) {
    return function(elem) {
        var strings = ['Error', 'Failed', 'Rerun', 'XFailed', 'XPassed',
                       'Skipped', 'Passed'];
        return strings.indexOf(elem.childNodes[1].childNodes[col_index].firstChild.data);
    };
}

function reset_sort_headers() {
    find_all('.sort-icon').forEach(function(elem) {
        elem.parentNode.removeChild(elem);
    });
    find_all('.sortable').forEach(function(elem) {
        var icon = document.createElement("div");
        icon.className = "sort-icon";
        icon.textContent = "vvv";
        elem.insertBefore(icon, elem.firstChild);
        elem.classList.remove("desc", "active");
        elem.classList.add("asc", "inactive");
    });
}

function toggle_sort_states(elem) {
    //if active, toggle between asc and desc
    if (elem.classList.contains('active')) {
        elem.classList.toggle('asc');
        elem.classList.toggle('desc');
    }

    //if inactive, reset all other functions and add ascending active
    if (elem.classList.contains('inactive')) {
        reset_sort_headers();
        elem.classList.remove('inactive');
        elem.classList.add('active');
    }
}

function is_all_rows_hidden(value) {
  return value.hidden == false;
}

function filter_table(elem) {
    var outcome_att = "data-test-result";
    var outcome = elem.getAttribute(outcome_att);
    class_outcome = outcome + " results-table-row";
    var outcome_rows = document.getElementsByClassName(class_outcome);

    for(var i = 0; i < outcome_rows.length; i++){
        outcome_rows[i].hidden = !elem.checked;
    }

    var rows = find_all('.results-table-row').filter(is_all_rows_hidden);
    var all_rows_hidden = rows.length == 0 ? true : false;
    var not_found_message = document.getElementById("not-found-message");
    not_found_message.hidden = !all_rows_hidden;
}
</script>
    <h1>report.html</h1>
    <p>Report generated on 04-May-2018 at 00:44:53 by<a href="https://pypi.python.org/pypi/pytest-html"> pytest-html</a> v1.17.0</p>
    <h2>Environment</h2>
    <table id="environment">
      <tr>
        <td>Packages</td>
        <td>{&apos;py&apos;: &apos;1.5.3&apos;, &apos;pytest&apos;: &apos;3.5.0&apos;, &apos;pluggy&apos;: &apos;0.6.0&apos;}</td></tr>
      <tr>
        <td>Platform</td>
        <td>Darwin-17.5.0-x86_64-i386-64bit</td></tr>
      <tr>
        <td>Plugins</td>
        <td>{&apos;forked&apos;: &apos;0.2&apos;, &apos;rerunfailures&apos;: &apos;4.0&apos;, &apos;html&apos;: &apos;1.17.0&apos;, &apos;xdist&apos;: &apos;1.22.2&apos;, &apos;metadata&apos;: &apos;1.7.0&apos;}</td></tr>
      <tr>
        <td>Python</td>
        <td>2.7.12</td></tr></table>
    <h2>Summary</h2>
    <p>43 tests ran in 2.26 seconds. </p>
    <p class="filter" hidden="true">(Un)check the boxes to filter the results.</p><input checked="true" class="filter" data-test-result="passed" hidden="true" name="filter_checkbox" onChange="filter_table(this)" type="checkbox"/><span class="passed">22 passed</span>, <input checked="true" class="filter" data-test-result="skipped" disabled="true" hidden="true" name="filter_checkbox" onChange="filter_table(this)" type="checkbox"/><span class="skipped">0 skipped</span>, <input checked="true" class="filter" data-test-result="failed" hidden="true" name="filter_checkbox" onChange="filter_table(this)" type="checkbox"/><span class="failed">21 failed</span>, <input checked="true" class="filter" data-test-result="error" disabled="true" hidden="true" name="filter_checkbox" onChange="filter_table(this)" type="checkbox"/><span class="error">0 errors</span>, <input checked="true" class="filter" data-test-result="xfailed" disabled="true" hidden="true" name="filter_checkbox" onChange="filter_table(this)" type="checkbox"/><span class="xfailed">0 expected failures</span>, <input checked="true" class="filter" data-test-result="xpassed" disabled="true" hidden="true" name="filter_checkbox" onChange="filter_table(this)" type="checkbox"/><span class="xpassed">0 unexpected passes</span>, <input checked="true" class="filter" data-test-result="rerun" disabled="true" hidden="true" name="filter_checkbox" onChange="filter_table(this)" type="checkbox"/><span class="rerun">0 rerun</span>
    <h2>Results</h2>
    <table id="results-table">
      <thead id="results-table-head">
        <tr>
          <th class="sortable result initial-sort" col="result">Result</th>
          <th class="sortable" col="name">Test</th>
          <th class="sortable numeric" col="duration">Duration</th>
          <th>Links</th></tr>
        <tr hidden="true" id="not-found-message">
          <th colspan="4">No results found. Try to check the filters</th></tr></thead>
      <tbody class="failed results-table-row">
        <tr>
          <td class="col-result">Failed</td>
          <td class="col-name">Tests/TestAddFetchCar.py::TestAddFetchCar::()::test_add_a_car_with_brand_name_correct_string</td>
          <td class="col-duration">0.04</td>
          <td class="col-links"></td></tr>
        <tr>
          <td class="extra" colspan="4">
            <div class="log">self = &lt;Tests.TestAddFetchCar.TestAddFetchCar instance at 0x1072115a8&gt;<br/><br/>    def test_add_a_car_with_brand_name_correct_string(self):<br/>        current_count = self.api_wrapper.get_count_of_all_cars()<br/>        r = self.api_wrapper.add_new_car()<br/>&gt;       self.assert_count_of_car(current_count + 1)<br/><br/>Tests/TestAddFetchCar.py:42: <br/>_ _ _ _ _ _ _ _ _ _ _ _ _ _ _ _ _ _ _ _ _ _ _ _ _ _ _ _ _ _ _ _ _ _ _ _ _ _ _ _ <br/><br/>self = &lt;Tests.TestAddFetchCar.TestAddFetchCar instance at 0x1072115a8&gt;<br/>expected_count = 9<br/><br/>    def assert_count_of_car(self, expected_count):<br/>&gt;       assert expected_count == self.api_wrapper.get_count_of_all_cars()<br/><span class="error">E       assert 9 == 8</span><br/><span class="error">E        +  where 8 = &lt;bound method APITestWrapper.get_count_of_all_cars of &lt;Utils.Api.APITestWrapper instance at 0x107211710&gt;&gt;()</span><br/><span class="error">E        +    where &lt;bound method APITestWrapper.get_count_of_all_cars of &lt;Utils.Api.APITestWrapper instance at 0x107211710&gt;&gt; = &lt;Utils.Api.APITestWrapper instance at 0x107211710&gt;.get_count_of_all_cars</span><br/><span class="error">E        +      where &lt;Utils.Api.APITestWrapper instance at 0x107211710&gt; = &lt;Tests.TestAddFetchCar.TestAddFetchCar instance at 0x1072115a8&gt;.api_wrapper</span><br/><br/>Tests/TestAddFetchCar.py:37: AssertionError<br/></div></td></tr></tbody>
      <tbody class="failed results-table-row">
        <tr>
          <td class="col-result">Failed</td>
          <td class="col-name">Tests/TestAddFetchCar.py::TestAddFetchCar::()::test_add_a_car_with_brand_name_max_length_string</td>
          <td class="col-duration">0.06</td>
          <td class="col-links"></td></tr>
        <tr>
          <td class="extra" colspan="4">
            <div class="log">self = &lt;Tests.TestAddFetchCar.TestAddFetchCar instance at 0x1072a1488&gt;<br/><br/>    def test_add_a_car_with_brand_name_max_length_string(self):<br/>        current_count = self.api_wrapper.get_count_of_all_cars()<br/>        r = self.api_wrapper.add_new_car(brand=self.brand_or_model_name_max_length_string)<br/>&gt;       self.assert_count_of_car(current_count + 1)<br/><br/>Tests/TestAddFetchCar.py:56: <br/>_ _ _ _ _ _ _ _ _ _ _ _ _ _ _ _ _ _ _ _ _ _ _ _ _ _ _ _ _ _ _ _ _ _ _ _ _ _ _ _ <br/><br/>self = &lt;Tests.TestAddFetchCar.TestAddFetchCar instance at 0x1072a1488&gt;<br/>expected_count = 9<br/><br/>    def assert_count_of_car(self, expected_count):<br/>&gt;       assert expected_count == self.api_wrapper.get_count_of_all_cars()<br/><span class="error">E       assert 9 == 8</span><br/><span class="error">E        +  where 8 = &lt;bound method APITestWrapper.get_count_of_all_cars of &lt;Utils.Api.APITestWrapper instance at 0x1072a11b8&gt;&gt;()</span><br/><span class="error">E        +    where &lt;bound method APITestWrapper.get_count_of_all_cars of &lt;Utils.Api.APITestWrapper instance at 0x1072a11b8&gt;&gt; = &lt;Utils.Api.APITestWrapper instance at 0x1072a11b8&gt;.get_count_of_all_cars</span><br/><span class="error">E        +      where &lt;Utils.Api.APITestWrapper instance at 0x1072a11b8&gt; = &lt;Tests.TestAddFetchCar.TestAddFetchCar instance at 0x1072a1488&gt;.api_wrapper</span><br/><br/>Tests/TestAddFetchCar.py:37: AssertionError<br/></div></td></tr></tbody>
      <tbody class="failed results-table-row">
        <tr>
          <td class="col-result">Failed</td>
          <td class="col-name">Tests/TestAddFetchCar.py::TestAddFetchCar::()::test_add_a_car_with_brand_name_with_special_characters_string</td>
          <td class="col-duration">0.03</td>
          <td class="col-links"></td></tr>
        <tr>
          <td class="extra" colspan="4">
            <div class="log">self = &lt;Tests.TestAddFetchCar.TestAddFetchCar instance at 0x107285488&gt;<br/><br/>    def test_add_a_car_with_brand_name_with_special_characters_string(self):<br/>        current_count = self.api_wrapper.get_count_of_all_cars()<br/>        r = self.api_wrapper.add_new_car(brand=self.brand_or_model_name_with_special_characters)<br/>&gt;       self.assert_count_of_car(current_count + 1)<br/><br/>Tests/TestAddFetchCar.py:61: <br/>_ _ _ _ _ _ _ _ _ _ _ _ _ _ _ _ _ _ _ _ _ _ _ _ _ _ _ _ _ _ _ _ _ _ _ _ _ _ _ _ <br/><br/>self = &lt;Tests.TestAddFetchCar.TestAddFetchCar instance at 0x107285488&gt;<br/>expected_count = 9<br/><br/>    def assert_count_of_car(self, expected_count):<br/>&gt;       assert expected_count == self.api_wrapper.get_count_of_all_cars()<br/><span class="error">E       assert 9 == 8</span><br/><span class="error">E        +  where 8 = &lt;bound method APITestWrapper.get_count_of_all_cars of &lt;Utils.Api.APITestWrapper instance at 0x1072852d8&gt;&gt;()</span><br/><span class="error">E        +    where &lt;bound method APITestWrapper.get_count_of_all_cars of &lt;Utils.Api.APITestWrapper instance at 0x1072852d8&gt;&gt; = &lt;Utils.Api.APITestWrapper instance at 0x1072852d8&gt;.get_count_of_all_cars</span><br/><span class="error">E        +      where &lt;Utils.Api.APITestWrapper instance at 0x1072852d8&gt; = &lt;Tests.TestAddFetchCar.TestAddFetchCar instance at 0x107285488&gt;.api_wrapper</span><br/><br/>Tests/TestAddFetchCar.py:37: AssertionError<br/></div></td></tr></tbody>
      <tbody class="failed results-table-row">
        <tr>
          <td class="col-result">Failed</td>
          <td class="col-name">Tests/TestAddFetchCar.py::TestAddFetchCar::()::test_add_a_car_with_model_name_correct_string</td>
          <td class="col-duration">0.03</td>
          <td class="col-links"></td></tr>
        <tr>
          <td class="extra" colspan="4">
            <div class="log">self = &lt;Tests.TestAddFetchCar.TestAddFetchCar instance at 0x1072c86c8&gt;<br/><br/>    def test_add_a_car_with_model_name_correct_string(self):<br/>        current_count = self.api_wrapper.get_count_of_all_cars()<br/>        r = self.api_wrapper.add_new_car(model=self.correct_value_for_model)<br/>&gt;       self.assert_count_of_car(current_count + 1)<br/><br/>Tests/TestAddFetchCar.py:66: <br/>_ _ _ _ _ _ _ _ _ _ _ _ _ _ _ _ _ _ _ _ _ _ _ _ _ _ _ _ _ _ _ _ _ _ _ _ _ _ _ _ <br/><br/>self = &lt;Tests.TestAddFetchCar.TestAddFetchCar instance at 0x1072c86c8&gt;<br/>expected_count = 9<br/><br/>    def assert_count_of_car(self, expected_count):<br/>&gt;       assert expected_count == self.api_wrapper.get_count_of_all_cars()<br/><span class="error">E       assert 9 == 8</span><br/><span class="error">E        +  where 8 = &lt;bound method APITestWrapper.get_count_of_all_cars of &lt;Utils.Api.APITestWrapper instance at 0x1072c8b48&gt;&gt;()</span><br/><span class="error">E        +    where &lt;bound method APITestWrapper.get_count_of_all_cars of &lt;Utils.Api.APITestWrapper instance at 0x1072c8b48&gt;&gt; = &lt;Utils.Api.APITestWrapper instance at 0x1072c8b48&gt;.get_count_of_all_cars</span><br/><span class="error">E        +      where &lt;Utils.Api.APITestWrapper instance at 0x1072c8b48&gt; = &lt;Tests.TestAddFetchCar.TestAddFetchCar instance at 0x1072c86c8&gt;.api_wrapper</span><br/><br/>Tests/TestAddFetchCar.py:37: AssertionError<br/></div></td></tr></tbody>
      <tbody class="failed results-table-row">
        <tr>
          <td class="col-result">Failed</td>
          <td class="col-name">Tests/TestAddFetchCar.py::TestAddFetchCar::()::test_add_a_car_with_model_name_max_length_string</td>
          <td class="col-duration">0.04</td>
          <td class="col-links"></td></tr>
        <tr>
          <td class="extra" colspan="4">
            <div class="log">self = &lt;Tests.TestAddFetchCar.TestAddFetchCar instance at 0x1072113f8&gt;<br/><br/>    def test_add_a_car_with_model_name_max_length_string(self):<br/>        current_count = self.api_wrapper.get_count_of_all_cars()<br/>        r = self.api_wrapper.add_new_car(model=self.brand_or_model_name_max_length_string)<br/>&gt;       self.assert_count_of_car(current_count + 1)<br/><br/>Tests/TestAddFetchCar.py:80: <br/>_ _ _ _ _ _ _ _ _ _ _ _ _ _ _ _ _ _ _ _ _ _ _ _ _ _ _ _ _ _ _ _ _ _ _ _ _ _ _ _ <br/><br/>self = &lt;Tests.TestAddFetchCar.TestAddFetchCar instance at 0x1072113f8&gt;<br/>expected_count = 9<br/><br/>    def assert_count_of_car(self, expected_count):<br/>&gt;       assert expected_count == self.api_wrapper.get_count_of_all_cars()<br/><span class="error">E       assert 9 == 8</span><br/><span class="error">E        +  where 8 = &lt;bound method APITestWrapper.get_count_of_all_cars of &lt;Utils.Api.APITestWrapper instance at 0x107297290&gt;&gt;()</span><br/><span class="error">E        +    where &lt;bound method APITestWrapper.get_count_of_all_cars of &lt;Utils.Api.APITestWrapper instance at 0x107297290&gt;&gt; = &lt;Utils.Api.APITestWrapper instance at 0x107297290&gt;.get_count_of_all_cars</span><br/><span class="error">E        +      where &lt;Utils.Api.APITestWrapper instance at 0x107297290&gt; = &lt;Tests.TestAddFetchCar.TestAddFetchCar instance at 0x1072113f8&gt;.api_wrapper</span><br/><br/>Tests/TestAddFetchCar.py:37: AssertionError<br/></div></td></tr></tbody>
      <tbody class="failed results-table-row">
        <tr>
          <td class="col-result">Failed</td>
          <td class="col-name">Tests/TestAddFetchCar.py::TestAddFetchCar::()::test_add_a_car_with_model_name_with_special_characters_string</td>
          <td class="col-duration">0.04</td>
          <td class="col-links"></td></tr>
        <tr>
          <td class="extra" colspan="4">
            <div class="log">self = &lt;Tests.TestAddFetchCar.TestAddFetchCar instance at 0x107285b90&gt;<br/><br/>    def test_add_a_car_with_model_name_with_special_characters_string(self):<br/>        current_count = self.api_wrapper.get_count_of_all_cars()<br/>        r = self.api_wrapper.add_new_car(model=self.brand_or_model_name_with_special_characters)<br/>&gt;       self.assert_count_of_car(current_count + 1)<br/><br/>Tests/TestAddFetchCar.py:85: <br/>_ _ _ _ _ _ _ _ _ _ _ _ _ _ _ _ _ _ _ _ _ _ _ _ _ _ _ _ _ _ _ _ _ _ _ _ _ _ _ _ <br/><br/>self = &lt;Tests.TestAddFetchCar.TestAddFetchCar instance at 0x107285b90&gt;<br/>expected_count = 9<br/><br/>    def assert_count_of_car(self, expected_count):<br/>&gt;       assert expected_count == self.api_wrapper.get_count_of_all_cars()<br/><span class="error">E       assert 9 == 8</span><br/><span class="error">E        +  where 8 = &lt;bound method APITestWrapper.get_count_of_all_cars of &lt;Utils.Api.APITestWrapper instance at 0x107285ea8&gt;&gt;()</span><br/><span class="error">E        +    where &lt;bound method APITestWrapper.get_count_of_all_cars of &lt;Utils.Api.APITestWrapper instance at 0x107285ea8&gt;&gt; = &lt;Utils.Api.APITestWrapper instance at 0x107285ea8&gt;.get_count_of_all_cars</span><br/><span class="error">E        +      where &lt;Utils.Api.APITestWrapper instance at 0x107285ea8&gt; = &lt;Tests.TestAddFetchCar.TestAddFetchCar instance at 0x107285b90&gt;.api_wrapper</span><br/><br/>Tests/TestAddFetchCar.py:37: AssertionError<br/></div></td></tr></tbody>
      <tbody class="failed results-table-row">
        <tr>
          <td class="col-result">Failed</td>
          <td class="col-name">Tests/TestAddFetchCar.py::TestAddFetchCar::()::test_add_a_car_with_power_rating_greater_than_zero</td>
          <td class="col-duration">0.03</td>
          <td class="col-links"></td></tr>
        <tr>
          <td class="extra" colspan="4">
            <div class="log">self = &lt;Tests.TestAddFetchCar.TestAddFetchCar instance at 0x1072d4ab8&gt;<br/><br/>    def test_add_a_car_with_power_rating_greater_than_zero(self):<br/>        current_count = self.api_wrapper.get_count_of_all_cars()<br/>        r = self.api_wrapper.add_new_car(power_rating=self.value_greater_than_zero)<br/>&gt;       self.assert_count_of_car(current_count + 1)<br/><br/>Tests/TestAddFetchCar.py:90: <br/>_ _ _ _ _ _ _ _ _ _ _ _ _ _ _ _ _ _ _ _ _ _ _ _ _ _ _ _ _ _ _ _ _ _ _ _ _ _ _ _ <br/><br/>self = &lt;Tests.TestAddFetchCar.TestAddFetchCar instance at 0x1072d4ab8&gt;<br/>expected_count = 9<br/><br/>    def assert_count_of_car(self, expected_count):<br/>&gt;       assert expected_count == self.api_wrapper.get_count_of_all_cars()<br/><span class="error">E       assert 9 == 8</span><br/><span class="error">E        +  where 8 = &lt;bound method APITestWrapper.get_count_of_all_cars of &lt;Utils.Api.APITestWrapper instance at 0x1072d4440&gt;&gt;()</span><br/><span class="error">E        +    where &lt;bound method APITestWrapper.get_count_of_all_cars of &lt;Utils.Api.APITestWrapper instance at 0x1072d4440&gt;&gt; = &lt;Utils.Api.APITestWrapper instance at 0x1072d4440&gt;.get_count_of_all_cars</span><br/><span class="error">E        +      where &lt;Utils.Api.APITestWrapper instance at 0x1072d4440&gt; = &lt;Tests.TestAddFetchCar.TestAddFetchCar instance at 0x1072d4ab8&gt;.api_wrapper</span><br/><br/>Tests/TestAddFetchCar.py:37: AssertionError<br/></div></td></tr></tbody>
      <tbody class="failed results-table-row">
        <tr>
          <td class="col-result">Failed</td>
          <td class="col-name">Tests/TestAddFetchCar.py::TestAddFetchCar::()::test_add_a_car_with_power_rating_less_than_500</td>
          <td class="col-duration">0.05</td>
          <td class="col-links"></td></tr>
        <tr>
          <td class="extra" colspan="4">
            <div class="log">self = &lt;Tests.TestAddFetchCar.TestAddFetchCar instance at 0x1073175f0&gt;<br/><br/>    def test_add_a_car_with_power_rating_less_than_500(self):<br/>        current_count = self.api_wrapper.get_count_of_all_cars()<br/>        r = self.api_wrapper.add_new_car(power_rating=self.value_less_than_500)<br/>&gt;       self.assert_count_of_car(current_count + 1)<br/><br/>Tests/TestAddFetchCar.py:111: <br/>_ _ _ _ _ _ _ _ _ _ _ _ _ _ _ _ _ _ _ _ _ _ _ _ _ _ _ _ _ _ _ _ _ _ _ _ _ _ _ _ <br/><br/>self = &lt;Tests.TestAddFetchCar.TestAddFetchCar instance at 0x1073175f0&gt;<br/>expected_count = 9<br/><br/>    def assert_count_of_car(self, expected_count):<br/>&gt;       assert expected_count == self.api_wrapper.get_count_of_all_cars()<br/><span class="error">E       assert 9 == 8</span><br/><span class="error">E        +  where 8 = &lt;bound method APITestWrapper.get_count_of_all_cars of &lt;Utils.Api.APITestWrapper instance at 0x107317878&gt;&gt;()</span><br/><span class="error">E        +    where &lt;bound method APITestWrapper.get_count_of_all_cars of &lt;Utils.Api.APITestWrapper instance at 0x107317878&gt;&gt; = &lt;Utils.Api.APITestWrapper instance at 0x107317878&gt;.get_count_of_all_cars</span><br/><span class="error">E        +      where &lt;Utils.Api.APITestWrapper instance at 0x107317878&gt; = &lt;Tests.TestAddFetchCar.TestAddFetchCar instance at 0x1073175f0&gt;.api_wrapper</span><br/><br/>Tests/TestAddFetchCar.py:37: AssertionError<br/></div></td></tr></tbody>
      <tbody class="failed results-table-row">
        <tr>
          <td class="col-result">Failed</td>
          <td class="col-name">Tests/TestAddFetchCar.py::TestAddFetchCar::()::test_add_a_car_with_power_rating_equal_to_500</td>
          <td class="col-duration">0.04</td>
          <td class="col-links"></td></tr>
        <tr>
          <td class="extra" colspan="4">
            <div class="log">self = &lt;Tests.TestAddFetchCar.TestAddFetchCar instance at 0x107297200&gt;<br/><br/>    def test_add_a_car_with_power_rating_equal_to_500(self):<br/>        current_count = self.api_wrapper.get_count_of_all_cars()<br/>        r = self.api_wrapper.add_new_car(power_rating=self.value_equal_to_500)<br/>&gt;       self.assert_count_of_car(current_count + 1)<br/><br/>Tests/TestAddFetchCar.py:116: <br/>_ _ _ _ _ _ _ _ _ _ _ _ _ _ _ _ _ _ _ _ _ _ _ _ _ _ _ _ _ _ _ _ _ _ _ _ _ _ _ _ <br/><br/>self = &lt;Tests.TestAddFetchCar.TestAddFetchCar instance at 0x107297200&gt;<br/>expected_count = 9<br/><br/>    def assert_count_of_car(self, expected_count):<br/>&gt;       assert expected_count == self.api_wrapper.get_count_of_all_cars()<br/><span class="error">E       assert 9 == 8</span><br/><span class="error">E        +  where 8 = &lt;bound method APITestWrapper.get_count_of_all_cars of &lt;Utils.Api.APITestWrapper instance at 0x1072eec68&gt;&gt;()</span><br/><span class="error">E        +    where &lt;bound method APITestWrapper.get_count_of_all_cars of &lt;Utils.Api.APITestWrapper instance at 0x1072eec68&gt;&gt; = &lt;Utils.Api.APITestWrapper instance at 0x1072eec68&gt;.get_count_of_all_cars</span><br/><span class="error">E        +      where &lt;Utils.Api.APITestWrapper instance at 0x1072eec68&gt; = &lt;Tests.TestAddFetchCar.TestAddFetchCar instance at 0x107297200&gt;.api_wrapper</span><br/><br/>Tests/TestAddFetchCar.py:37: AssertionError<br/></div></td></tr></tbody>
      <tbody class="failed results-table-row">
        <tr>
          <td class="col-result">Failed</td>
          <td class="col-name">Tests/TestAddFetchCar.py::TestAddFetchCar::()::test_add_a_car_with_daily_price_greater_than_zero</td>
          <td class="col-duration">0.05</td>
          <td class="col-links"></td></tr>
        <tr>
          <td class="extra" colspan="4">
            <div class="log">self = &lt;Tests.TestAddFetchCar.TestAddFetchCar instance at 0x10725fcf8&gt;<br/><br/>    def test_add_a_car_with_daily_price_greater_than_zero(self):<br/>        current_count = self.api_wrapper.get_count_of_all_cars()<br/>        r = self.api_wrapper.add_new_car(daily_price=self.value_greater_than_zero)<br/>&gt;       self.assert_count_of_car(current_count + 1)<br/><br/>Tests/TestAddFetchCar.py:127: <br/>_ _ _ _ _ _ _ _ _ _ _ _ _ _ _ _ _ _ _ _ _ _ _ _ _ _ _ _ _ _ _ _ _ _ _ _ _ _ _ _ <br/><br/>self = &lt;Tests.TestAddFetchCar.TestAddFetchCar instance at 0x10725fcf8&gt;<br/>expected_count = 9<br/><br/>    def assert_count_of_car(self, expected_count):<br/>&gt;       assert expected_count == self.api_wrapper.get_count_of_all_cars()<br/><span class="error">E       assert 9 == 8</span><br/><span class="error">E        +  where 8 = &lt;bound method APITestWrapper.get_count_of_all_cars of &lt;Utils.Api.APITestWrapper instance at 0x1072ad998&gt;&gt;()</span><br/><span class="error">E        +    where &lt;bound method APITestWrapper.get_count_of_all_cars of &lt;Utils.Api.APITestWrapper instance at 0x1072ad998&gt;&gt; = &lt;Utils.Api.APITestWrapper instance at 0x1072ad998&gt;.get_count_of_all_cars</span><br/><span class="error">E        +      where &lt;Utils.Api.APITestWrapper instance at 0x1072ad998&gt; = &lt;Tests.TestAddFetchCar.TestAddFetchCar instance at 0x10725fcf8&gt;.api_wrapper</span><br/><br/>Tests/TestAddFetchCar.py:37: AssertionError<br/></div></td></tr></tbody>
      <tbody class="failed results-table-row">
        <tr>
          <td class="col-result">Failed</td>
          <td class="col-name">Tests/TestAddFetchCar.py::TestAddFetchCar::()::test_add_a_car_with_daily_price_less_than_zero</td>
          <td class="col-duration">0.01</td>
          <td class="col-links"></td></tr>
        <tr>
          <td class="extra" colspan="4">
            <div class="log">self = &lt;Tests.TestAddFetchCar.TestAddFetchCar instance at 0x1072dfa70&gt;<br/><br/>    def test_add_a_car_with_daily_price_less_than_zero(self):<br/>        r = self.api_wrapper.add_new_car(daily_price=self.value_less_than_zero)<br/>        self.assert_error_msg(r, self.error_msgs.msg_invalid_range('daily_price', key_value=self.value_less_than_zero),<br/>&gt;                             StatusCode.HTTP_400)<br/><br/>Tests/TestAddFetchCar.py:132: <br/>_ _ _ _ _ _ _ _ _ _ _ _ _ _ _ _ _ _ _ _ _ _ _ _ _ _ _ _ _ _ _ _ _ _ _ _ _ _ _ _ <br/><br/>self = &lt;Tests.TestAddFetchCar.TestAddFetchCar instance at 0x1072dfa70&gt;<br/>actual_response = &lt;Response [500]&gt;<br/>expected_error_msg = "Key 'daily_price' must have a value &gt;= 0 and &lt;= 500, got value 0"<br/>expected_error_code = 400<br/><br/>    def assert_error_msg(self, actual_response, expected_error_msg, expected_error_code):<br/>        actual_error_code = actual_response.status_code<br/>        actual_errormsg = actual_response.json().get("errorMessage")<br/>&gt;       assert expected_error_code == actual_error_code, "Verify Status code"<br/><span class="error">E       AssertionError: Verify Status code</span><br/><span class="error">E       assert 400 == 500</span><br/><br/>Tests/TestAddFetchCar.py:33: AssertionError<br/></div></td></tr></tbody>
      <tbody class="failed results-table-row">
        <tr>
          <td class="col-result">Failed</td>
          <td class="col-name">Tests/TestAddFetchCar.py::TestAddFetchCar::()::test_add_a_car_with_daily_price_equal_to_zero</td>
          <td class="col-duration">0.01</td>
          <td class="col-links"></td></tr>
        <tr>
          <td class="extra" colspan="4">
            <div class="log">self = &lt;Tests.TestAddFetchCar.TestAddFetchCar instance at 0x107200dd0&gt;<br/><br/>    def test_add_a_car_with_daily_price_equal_to_zero(self):<br/>        r = self.api_wrapper.add_new_car(daily_price=self.value_equal_to_zero)<br/>        self.assert_error_msg(r, self.error_msgs.msg_invalid_range('daily_price', key_value=self.value_equal_to_zero),<br/>&gt;                             StatusCode.HTTP_400)<br/><br/>Tests/TestAddFetchCar.py:137: <br/>_ _ _ _ _ _ _ _ _ _ _ _ _ _ _ _ _ _ _ _ _ _ _ _ _ _ _ _ _ _ _ _ _ _ _ _ _ _ _ _ <br/><br/>self = &lt;Tests.TestAddFetchCar.TestAddFetchCar instance at 0x107200dd0&gt;<br/>actual_response = &lt;Response [500]&gt;<br/>expected_error_msg = "Key 'daily_price' must have a value &gt;= 0 and &lt;= 500, got value 0"<br/>expected_error_code = 400<br/><br/>    def assert_error_msg(self, actual_response, expected_error_msg, expected_error_code):<br/>        actual_error_code = actual_response.status_code<br/>        actual_errormsg = actual_response.json().get("errorMessage")<br/>&gt;       assert expected_error_code == actual_error_code, "Verify Status code"<br/><span class="error">E       AssertionError: Verify Status code</span><br/><span class="error">E       assert 400 == 500</span><br/><br/>Tests/TestAddFetchCar.py:33: AssertionError<br/></div></td></tr></tbody>
      <tbody class="failed results-table-row">
        <tr>
          <td class="col-result">Failed</td>
          <td class="col-name">Tests/TestAddFetchCar.py::TestAddFetchCar::()::test_add_a_car_with_daily_price_less_than_500</td>
          <td class="col-duration">0.05</td>
          <td class="col-links"></td></tr>
        <tr>
          <td class="extra" colspan="4">
            <div class="log">self = &lt;Tests.TestAddFetchCar.TestAddFetchCar instance at 0x10725fd88&gt;<br/><br/>    def test_add_a_car_with_daily_price_less_than_500(self):<br/>        current_count = self.api_wrapper.get_count_of_all_cars()<br/>        r = self.api_wrapper.add_new_car(daily_price=self.value_less_than_500)<br/>&gt;       self.assert_count_of_car(current_count + 1)<br/><br/>Tests/TestAddFetchCar.py:148: <br/>_ _ _ _ _ _ _ _ _ _ _ _ _ _ _ _ _ _ _ _ _ _ _ _ _ _ _ _ _ _ _ _ _ _ _ _ _ _ _ _ <br/><br/>self = &lt;Tests.TestAddFetchCar.TestAddFetchCar instance at 0x10725fd88&gt;<br/>expected_count = 9<br/><br/>    def assert_count_of_car(self, expected_count):<br/>&gt;       assert expected_count == self.api_wrapper.get_count_of_all_cars()<br/><span class="error">E       assert 9 == 8</span><br/><span class="error">E        +  where 8 = &lt;bound method APITestWrapper.get_count_of_all_cars of &lt;Utils.Api.APITestWrapper instance at 0x1072b95f0&gt;&gt;()</span><br/><span class="error">E        +    where &lt;bound method APITestWrapper.get_count_of_all_cars of &lt;Utils.Api.APITestWrapper instance at 0x1072b95f0&gt;&gt; = &lt;Utils.Api.APITestWrapper instance at 0x1072b95f0&gt;.get_count_of_all_cars</span><br/><span class="error">E        +      where &lt;Utils.Api.APITestWrapper instance at 0x1072b95f0&gt; = &lt;Tests.TestAddFetchCar.TestAddFetchCar instance at 0x10725fd88&gt;.api_wrapper</span><br/><br/>Tests/TestAddFetchCar.py:37: AssertionError<br/></div></td></tr></tbody>
      <tbody class="failed results-table-row">
        <tr>
          <td class="col-result">Failed</td>
          <td class="col-name">Tests/TestAddFetchCar.py::TestAddFetchCar::()::test_add_a_car_with_daily_price_value_equal_to_500</td>
          <td class="col-duration">0.04</td>
          <td class="col-links"></td></tr>
        <tr>
          <td class="extra" colspan="4">
            <div class="log">self = &lt;Tests.TestAddFetchCar.TestAddFetchCar instance at 0x10736a1b8&gt;<br/><br/>    def test_add_a_car_with_daily_price_value_equal_to_500(self):<br/>        current_count = self.api_wrapper.get_count_of_all_cars()<br/>        r = self.api_wrapper.add_new_car(daily_price=self.value_equal_to_500)<br/>&gt;       self.assert_count_of_car(current_count + 1)<br/><br/>Tests/TestAddFetchCar.py:153: <br/>_ _ _ _ _ _ _ _ _ _ _ _ _ _ _ _ _ _ _ _ _ _ _ _ _ _ _ _ _ _ _ _ _ _ _ _ _ _ _ _ <br/><br/>self = &lt;Tests.TestAddFetchCar.TestAddFetchCar instance at 0x10736a1b8&gt;<br/>expected_count = 9<br/><br/>    def assert_count_of_car(self, expected_count):<br/>&gt;       assert expected_count == self.api_wrapper.get_count_of_all_cars()<br/><span class="error">E       assert 9 == 8</span><br/><span class="error">E        +  where 8 = &lt;bound method APITestWrapper.get_count_of_all_cars of &lt;Utils.Api.APITestWrapper instance at 0x1072f8638&gt;&gt;()</span><br/><span class="error">E        +    where &lt;bound method APITestWrapper.get_count_of_all_cars of &lt;Utils.Api.APITestWrapper instance at 0x1072f8638&gt;&gt; = &lt;Utils.Api.APITestWrapper instance at 0x1072f8638&gt;.get_count_of_all_cars</span><br/><span class="error">E        +      where &lt;Utils.Api.APITestWrapper instance at 0x1072f8638&gt; = &lt;Tests.TestAddFetchCar.TestAddFetchCar instance at 0x10736a1b8&gt;.api_wrapper</span><br/><br/>Tests/TestAddFetchCar.py:37: AssertionError<br/></div></td></tr></tbody>
      <tbody class="failed results-table-row">
        <tr>
          <td class="col-result">Failed</td>
          <td class="col-name">Tests/TestDeleteCar.py::TestDeleteCar::()::test_add_and_delete_a_car_with_read_token</td>
          <td class="col-duration">0.03</td>
          <td class="col-links"></td></tr>
        <tr>
          <td class="extra" colspan="4">
            <div class="log">self = &lt;Tests.TestDeleteCar.TestDeleteCar instance at 0x10734a9e0&gt;<br/><br/>    def test_add_and_delete_a_car_with_read_token(self):<br/>        self.api_wrapper.add_new_car()<br/>        response = self.api_wrapper.delete_car("21389123", self.read_auth_token)<br/>&gt;       assert response.status_code == 401, "Status code check as 401"<br/><span class="error">E       AssertionError: Status code check as 401</span><br/><span class="error">E       assert 200 == 401</span><br/><span class="error">E        +  where 200 = &lt;Response [200]&gt;.status_code</span><br/><br/>Tests/TestDeleteCar.py:68: AssertionError<br/></div></td></tr></tbody>
      <tbody class="failed results-table-row">
        <tr>
          <td class="col-result">Failed</td>
          <td class="col-name">Tests/TestDeleteCar.py::TestDeleteCar::()::test_delete_a_car_for_given_model_name</td>
          <td class="col-duration">0.02</td>
          <td class="col-links"></td></tr>
        <tr>
          <td class="extra" colspan="4">
            <div class="log">self = &lt;Tests.TestDeleteCar.TestDeleteCar instance at 0x10725f8c0&gt;<br/><br/>    def test_delete_a_car_for_given_model_name(self):<br/>        self.api_wrapper.add_new_car(model=self.model_name_of_car_to_delete)<br/>        res = self.fetch_car_id_from_unique_model(self.model_name_of_car_to_delete)<br/>        if type(res) == int:<br/>            assert self.delete_car_based_on_id(res), "Deletion successful"<br/>        else:<br/>&gt;           assert False, res<br/><span class="error">E           AssertionError: No cars for this model</span><br/><span class="error">E           assert False</span><br/><br/>Tests/TestDeleteCar.py:76: AssertionError<br/></div></td></tr></tbody>
      <tbody class="failed results-table-row">
        <tr>
          <td class="col-result">Failed</td>
          <td class="col-name">Tests/TestFetchToken.py::TestFetchToken::()::test_auth_token_with_missing_client_id_for_token_write</td>
          <td class="col-duration">0.01</td>
          <td class="col-links"></td></tr>
        <tr>
          <td class="extra" colspan="4">
            <div class="log">self = &lt;Tests.TestFetchToken.TestFetchToken instance at 0x1072d4050&gt;<br/><br/>    def test_auth_token_with_missing_client_id_for_token_write(self):<br/>        r = self.api_wrapper.fetch_token(client_id=self.missing_client_id_for_write)<br/>        self.assert_error_msg(r,<br/>&gt;                             self.error_msgs.msg_missing_wrong_input_data(), StatusCode.HTTP_400)<br/><br/>Tests/TestFetchToken.py:45: <br/>_ _ _ _ _ _ _ _ _ _ _ _ _ _ _ _ _ _ _ _ _ _ _ _ _ _ _ _ _ _ _ _ _ _ _ _ _ _ _ _ <br/><br/>self = &lt;Tests.TestFetchToken.TestFetchToken instance at 0x1072d4050&gt;<br/>actual_response = &lt;Response [200]&gt;<br/>expected_error_msg = 'Bad Request: Missing/Wrong Input data'<br/>expected_error_code = 400<br/><br/>    def assert_error_msg(self, actual_response, expected_error_msg, expected_error_code):<br/>        actual_error_code = actual_response.status_code<br/>        actual_errormsg = actual_response.json().get("errorMessage")<br/>&gt;       assert expected_error_code == actual_error_code, "Verify Status code"<br/><span class="error">E       AssertionError: Verify Status code</span><br/><span class="error">E       assert 400 == 200</span><br/><br/>Tests/TestFetchToken.py:35: AssertionError<br/></div></td></tr></tbody>
      <tbody class="failed results-table-row">
        <tr>
          <td class="col-result">Failed</td>
          <td class="col-name">Tests/TestFetchToken.py::TestFetchToken::()::test_auth_token_with_missing_client_secret_for_token_write</td>
          <td class="col-duration">0.01</td>
          <td class="col-links"></td></tr>
        <tr>
          <td class="extra" colspan="4">
            <div class="log">self = &lt;Tests.TestFetchToken.TestFetchToken instance at 0x10725f830&gt;<br/><br/>    def test_auth_token_with_missing_client_secret_for_token_write(self):<br/>        r = self.api_wrapper.fetch_token(client_secret=self.missing_client_secret_for_write)<br/>        self.assert_error_msg(r,<br/>&gt;                             self.error_msgs.msg_missing_wrong_input_data(), StatusCode.HTTP_400)<br/><br/>Tests/TestFetchToken.py:56: <br/>_ _ _ _ _ _ _ _ _ _ _ _ _ _ _ _ _ _ _ _ _ _ _ _ _ _ _ _ _ _ _ _ _ _ _ _ _ _ _ _ <br/><br/>self = &lt;Tests.TestFetchToken.TestFetchToken instance at 0x10725f830&gt;<br/>actual_response = &lt;Response [200]&gt;<br/>expected_error_msg = 'Bad Request: Missing/Wrong Input data'<br/>expected_error_code = 400<br/><br/>    def assert_error_msg(self, actual_response, expected_error_msg, expected_error_code):<br/>        actual_error_code = actual_response.status_code<br/>        actual_errormsg = actual_response.json().get("errorMessage")<br/>&gt;       assert expected_error_code == actual_error_code, "Verify Status code"<br/><span class="error">E       AssertionError: Verify Status code</span><br/><span class="error">E       assert 400 == 200</span><br/><br/>Tests/TestFetchToken.py:35: AssertionError<br/></div></td></tr></tbody>
      <tbody class="failed results-table-row">
        <tr>
          <td class="col-result">Failed</td>
          <td class="col-name">Tests/TestFetchToken.py::TestFetchToken::()::test_auth_token_with_missing_client_id_for_token_read</td>
          <td class="col-duration">0.01</td>
          <td class="col-links"></td></tr>
        <tr>
          <td class="extra" colspan="4">
            <div class="log">self = &lt;Tests.TestFetchToken.TestFetchToken instance at 0x107329050&gt;<br/><br/>    def test_auth_token_with_missing_client_id_for_token_read(self):<br/>        r = self.api_wrapper.fetch_token(client_id=self.missing_client_id_for_read)<br/>        self.assert_error_msg(r,<br/>&gt;                             self.error_msgs.msg_missing_wrong_input_data(), StatusCode.HTTP_400)<br/><br/>Tests/TestFetchToken.py:67: <br/>_ _ _ _ _ _ _ _ _ _ _ _ _ _ _ _ _ _ _ _ _ _ _ _ _ _ _ _ _ _ _ _ _ _ _ _ _ _ _ _ <br/><br/>self = &lt;Tests.TestFetchToken.TestFetchToken instance at 0x107329050&gt;<br/>actual_response = &lt;Response [200]&gt;<br/>expected_error_msg = 'Bad Request: Missing/Wrong Input data'<br/>expected_error_code = 400<br/><br/>    def assert_error_msg(self, actual_response, expected_error_msg, expected_error_code):<br/>        actual_error_code = actual_response.status_code<br/>        actual_errormsg = actual_response.json().get("errorMessage")<br/>&gt;       assert expected_error_code == actual_error_code, "Verify Status code"<br/><span class="error">E       AssertionError: Verify Status code</span><br/><span class="error">E       assert 400 == 200</span><br/><br/>Tests/TestFetchToken.py:35: AssertionError<br/></div></td></tr></tbody>
      <tbody class="failed results-table-row">
        <tr>
          <td class="col-result">Failed</td>
          <td class="col-name">Tests/TestFetchToken.py::TestFetchToken::()::test_auth_token_with_missing_client_secret_for_token_read</td>
          <td class="col-duration">0.01</td>
          <td class="col-links"></td></tr>
        <tr>
          <td class="extra" colspan="4">
            <div class="log">self = &lt;Tests.TestFetchToken.TestFetchToken instance at 0x10720cf80&gt;<br/><br/>    def test_auth_token_with_missing_client_secret_for_token_read(self):<br/>        r = self.api_wrapper.fetch_token(client_secret=self.missing_client_secret_for_read)<br/>        self.assert_error_msg(r,<br/>&gt;                             self.error_msgs.msg_missing_wrong_input_data(), StatusCode.HTTP_400)<br/><br/>Tests/TestFetchToken.py:78: <br/>_ _ _ _ _ _ _ _ _ _ _ _ _ _ _ _ _ _ _ _ _ _ _ _ _ _ _ _ _ _ _ _ _ _ _ _ _ _ _ _ <br/><br/>self = &lt;Tests.TestFetchToken.TestFetchToken instance at 0x10720cf80&gt;<br/>actual_response = &lt;Response [200]&gt;<br/>expected_error_msg = 'Bad Request: Missing/Wrong Input data'<br/>expected_error_code = 400<br/><br/>    def assert_error_msg(self, actual_response, expected_error_msg, expected_error_code):<br/>        actual_error_code = actual_response.status_code<br/>        actual_errormsg = actual_response.json().get("errorMessage")<br/>&gt;       assert expected_error_code == actual_error_code, "Verify Status code"<br/><span class="error">E       AssertionError: Verify Status code</span><br/><span class="error">E       assert 400 == 200</span><br/><br/>Tests/TestFetchToken.py:35: AssertionError<br/></div></td></tr></tbody>
      <tbody class="failed results-table-row">
        <tr>
          <td class="col-result">Failed</td>
          <td class="col-name">Tests/TestFetchToken.py::TestFetchToken::()::test_auth_token_with_missing_scope_for_token</td>
          <td class="col-duration">0.01</td>
          <td class="col-links"></td></tr>
        <tr>
          <td class="extra" colspan="4">
            <div class="log">self = &lt;Tests.TestFetchToken.TestFetchToken instance at 0x1072f87a0&gt;<br/><br/>    def test_auth_token_with_missing_scope_for_token(self):<br/>        r = self.api_wrapper.fetch_token(scope=self.missing_scope_for_auth_token)<br/>        self.assert_error_msg(r,<br/>&gt;                             self.error_msgs.msg_missing_wrong_input_data(), StatusCode.HTTP_400)<br/><br/>Tests/TestFetchToken.py:89: <br/>_ _ _ _ _ _ _ _ _ _ _ _ _ _ _ _ _ _ _ _ _ _ _ _ _ _ _ _ _ _ _ _ _ _ _ _ _ _ _ _ <br/><br/>self = &lt;Tests.TestFetchToken.TestFetchToken instance at 0x1072f87a0&gt;<br/>actual_response = &lt;Response [200]&gt;<br/>expected_error_msg = 'Bad Request: Missing/Wrong Input data'<br/>expected_error_code = 400<br/><br/>    def assert_error_msg(self, actual_response, expected_error_msg, expected_error_code):<br/>        actual_error_code = actual_response.status_code<br/>        actual_errormsg = actual_response.json().get("errorMessage")<br/>&gt;       assert expected_error_code == actual_error_code, "Verify Status code"<br/><span class="error">E       AssertionError: Verify Status code</span><br/><span class="error">E       assert 400 == 200</span><br/><br/>Tests/TestFetchToken.py:35: AssertionError<br/></div></td></tr></tbody>
      <tbody class="passed results-table-row">
        <tr>
          <td class="col-result">Passed</td>
          <td class="col-name">Tests/TestAddFetchCar.py::TestAddFetchCar::()::test_add_a_car_with_brand_name_not_a_string</td>
          <td class="col-duration">0.01</td>
          <td class="col-links"></td></tr>
        <tr>
          <td class="extra" colspan="4">
            <div class="empty log">No log output captured.</div></td></tr></tbody>
      <tbody class="passed results-table-row">
        <tr>
          <td class="col-result">Passed</td>
          <td class="col-name">Tests/TestAddFetchCar.py::TestAddFetchCar::()::test_add_a_car_with_brand_name_empty_string</td>
          <td class="col-duration">0.01</td>
          <td class="col-links"></td></tr>
        <tr>
          <td class="extra" colspan="4">
            <div class="empty log">No log output captured.</div></td></tr></tbody>
      <tbody class="passed results-table-row">
        <tr>
          <td class="col-result">Passed</td>
          <td class="col-name">Tests/TestAddFetchCar.py::TestAddFetchCar::()::test_add_a_car_with_model_name_not_a_string</td>
          <td class="col-duration">0.01</td>
          <td class="col-links"></td></tr>
        <tr>
          <td class="extra" colspan="4">
            <div class="empty log">No log output captured.</div></td></tr></tbody>
      <tbody class="passed results-table-row">
        <tr>
          <td class="col-result">Passed</td>
          <td class="col-name">Tests/TestAddFetchCar.py::TestAddFetchCar::()::test_add_a_car_with_model_name_empty_string</td>
          <td class="col-duration">0.02</td>
          <td class="col-links"></td></tr>
        <tr>
          <td class="extra" colspan="4">
            <div class="empty log">No log output captured.</div></td></tr></tbody>
      <tbody class="passed results-table-row">
        <tr>
          <td class="col-result">Passed</td>
          <td class="col-name">Tests/TestAddFetchCar.py::TestAddFetchCar::()::test_add_a_car_with_power_rating_less_than_zero</td>
          <td class="col-duration">0.01</td>
          <td class="col-links"></td></tr>
        <tr>
          <td class="extra" colspan="4">
            <div class="empty log">No log output captured.</div></td></tr></tbody>
      <tbody class="passed results-table-row">
        <tr>
          <td class="col-result">Passed</td>
          <td class="col-name">Tests/TestAddFetchCar.py::TestAddFetchCar::()::test_add_a_car_with_power_rating_equal_to_zero</td>
          <td class="col-duration">0.01</td>
          <td class="col-links"></td></tr>
        <tr>
          <td class="extra" colspan="4">
            <div class="empty log">No log output captured.</div></td></tr></tbody>
      <tbody class="passed results-table-row">
        <tr>
          <td class="col-result">Passed</td>
          <td class="col-name">Tests/TestAddFetchCar.py::TestAddFetchCar::()::test_add_a_car_with_power_rating_greater_than_500</td>
          <td class="col-duration">0.02</td>
          <td class="col-links"></td></tr>
        <tr>
          <td class="extra" colspan="4">
            <div class="empty log">No log output captured.</div></td></tr></tbody>
      <tbody class="passed results-table-row">
        <tr>
          <td class="col-result">Passed</td>
          <td class="col-name">Tests/TestAddFetchCar.py::TestAddFetchCar::()::test_add_a_car_with_power_rating_not_an_integer</td>
          <td class="col-duration">0.02</td>
          <td class="col-links"></td></tr>
        <tr>
          <td class="extra" colspan="4">
            <div class="empty log">No log output captured.</div></td></tr></tbody>
      <tbody class="passed results-table-row">
        <tr>
          <td class="col-result">Passed</td>
          <td class="col-name">Tests/TestAddFetchCar.py::TestAddFetchCar::()::test_add_a_car_with_daily_price_greater_than_500</td>
          <td class="col-duration">0.01</td>
          <td class="col-links"></td></tr>
        <tr>
          <td class="extra" colspan="4">
            <div class="empty log">No log output captured.</div></td></tr></tbody>
      <tbody class="passed results-table-row">
        <tr>
          <td class="col-result">Passed</td>
          <td class="col-name">Tests/TestAddFetchCar.py::TestAddFetchCar::()::test_add_a_car_with_daily_price_value_not_an_integer</td>
          <td class="col-duration">0.01</td>
          <td class="col-links"></td></tr>
        <tr>
          <td class="extra" colspan="4">
            <div class="empty log">No log output captured.</div></td></tr></tbody>
      <tbody class="passed results-table-row">
        <tr>
          <td class="col-result">Passed</td>
          <td class="col-name">Tests/TestAddFetchCar.py::TestAddFetchCar::()::test_add_a_car_with_incorrect_token</td>
          <td class="col-duration">0.01</td>
          <td class="col-links"></td></tr>
        <tr>
          <td class="extra" colspan="4">
            <div class="empty log">No log output captured.</div></td></tr></tbody>
      <tbody class="passed results-table-row">
        <tr>
          <td class="col-result">Passed</td>
          <td class="col-name">Tests/TestDeleteCar.py::TestDeleteCar::()::test_delete_all_existing_cars</td>
          <td class="col-duration">0.05</td>
          <td class="col-links"></td></tr>
        <tr>
          <td class="extra" colspan="4">
            <div class="empty log">No log output captured.</div></td></tr></tbody>
      <tbody class="passed results-table-row">
        <tr>
          <td class="col-result">Passed</td>
          <td class="col-name">Tests/TestDeleteCar.py::TestDeleteCar::()::test_add_and_delete_a_car_for_given_model_with_write_token</td>
          <td class="col-duration">0.06</td>
          <td class="col-links"></td></tr>
        <tr>
          <td class="extra" colspan="4">
            <div class="empty log">No log output captured.</div></td></tr></tbody>
      <tbody class="passed results-table-row">
        <tr>
          <td class="col-result">Passed</td>
          <td class="col-name">Tests/TestDeleteCar.py::TestDeleteCar::()::test_try_delete_a_car_for_given_model_with_multiple_entries</td>
          <td class="col-duration">0.05</td>
          <td class="col-links"></td></tr>
        <tr>
          <td class="extra" colspan="4">
            <div class="empty log">No log output captured.</div></td></tr></tbody>
      <tbody class="passed results-table-row">
        <tr>
          <td class="col-result">Passed</td>
          <td class="col-name">Tests/TestDeleteCar.py::TestDeleteCar::()::test_try_delete_a_car_for_given_model_with_no_entries</td>
          <td class="col-duration">0.03</td>
          <td class="col-links"></td></tr>
        <tr>
          <td class="extra" colspan="4">
            <div class="empty log">No log output captured.</div></td></tr></tbody>
      <tbody class="passed results-table-row">
        <tr>
          <td class="col-result">Passed</td>
          <td class="col-name">Tests/TestDeleteCar.py::TestDeleteCar::()::test_delete_a_non_existing_car_id</td>
          <td class="col-duration">0.01</td>
          <td class="col-links"></td></tr>
        <tr>
          <td class="extra" colspan="4">
            <div class="empty log">No log output captured.</div></td></tr></tbody>
      <tbody class="passed results-table-row">
        <tr>
          <td class="col-result">Passed</td>
          <td class="col-name">Tests/TestFetchToken.py::TestFetchToken::()::test_auth_token_with_correct_parameters_for_token_write</td>
          <td class="col-duration">0.00</td>
          <td class="col-links"></td></tr>
        <tr>
          <td class="extra" colspan="4">
            <div class="empty log">No log output captured.</div></td></tr></tbody>
      <tbody class="passed results-table-row">
        <tr>
          <td class="col-result">Passed</td>
          <td class="col-name">Tests/TestFetchToken.py::TestFetchToken::()::test_auth_token_incorrect_client_id_for_token_write</td>
          <td class="col-duration">0.01</td>
          <td class="col-links"></td></tr>
        <tr>
          <td class="extra" colspan="4">
            <div class="empty log">No log output captured.</div></td></tr></tbody>
      <tbody class="passed results-table-row">
        <tr>
          <td class="col-result">Passed</td>
          <td class="col-name">Tests/TestFetchToken.py::TestFetchToken::()::test_auth_token_incorrect_client_secret_for_token_write</td>
          <td class="col-duration">0.02</td>
          <td class="col-links"></td></tr>
        <tr>
          <td class="extra" colspan="4">
            <div class="empty log">No log output captured.</div></td></tr></tbody>
      <tbody class="passed results-table-row">
        <tr>
          <td class="col-result">Passed</td>
          <td class="col-name">Tests/TestFetchToken.py::TestFetchToken::()::test_auth_token_incorrect_client_id_for_token_read</td>
          <td class="col-duration">0.01</td>
          <td class="col-links"></td></tr>
        <tr>
          <td class="extra" colspan="4">
            <div class="empty log">No log output captured.</div></td></tr></tbody>
      <tbody class="passed results-table-row">
        <tr>
          <td class="col-result">Passed</td>
          <td class="col-name">Tests/TestFetchToken.py::TestFetchToken::()::test_auth_token_incorrect_client_secret_for_token_read</td>
          <td class="col-duration">0.01</td>
          <td class="col-links"></td></tr>
        <tr>
          <td class="extra" colspan="4">
            <div class="empty log">No log output captured.</div></td></tr></tbody>
      <tbody class="passed results-table-row">
        <tr>
          <td class="col-result">Passed</td>
          <td class="col-name">Tests/TestFetchToken.py::TestFetchToken::()::test_auth_token_incorrect_scope_for_token</td>
          <td class="col-duration">0.01</td>
          <td class="col-links"></td></tr>
        <tr>
          <td class="extra" colspan="4">
            <div class="empty log">No log output captured.</div></td></tr></tbody></table></body></html>